<?xml version="1.0" encoding="UTF-8"?>
<testsuite name="DemoTest" tests="14" skipped="0" failures="0" errors="0" timestamp="2022-01-07T21:23:40" hostname="CHBOGPF10QDLA" time="0.024">
  <properties/>
  <testcase name="test_main_program10" classname="DemoTest" time="0.003"/>
  <testcase name="test_main_program11" classname="DemoTest" time="0.0"/>
  <testcase name="test_main_program12" classname="DemoTest" time="0.0"/>
  <testcase name="test_main" classname="DemoTest" time="0.009"/>
  <testcase name="test_main_program1" classname="DemoTest" time="0.0"/>
  <testcase name="test_main_program2" classname="DemoTest" time="0.0"/>
  <testcase name="test_main_program3" classname="DemoTest" time="0.0"/>
  <testcase name="test_main_program4" classname="DemoTest" time="0.0"/>
  <testcase name="test_main_program5" classname="DemoTest" time="0.0"/>
  <testcase name="test_main_program6" classname="DemoTest" time="0.0"/>
  <testcase name="test_main_program7" classname="DemoTest" time="0.001"/>
  <testcase name="test_main_program8" classname="DemoTest" time="0.0"/>
  <testcase name="test_main_program9" classname="DemoTest" time="0.0"/>
  <testcase name="test_main2" classname="DemoTest" time="0.007"/>
  <system-out><![CDATA[]]></system-out>
  <system-err><![CDATA[]]></system-err>
</testsuite>
